<?xml version="1.0" encoding="UTF-8"?>
<!-- Generated by org.testng.reporters.JUnitXMLReporter -->
<testsuite ignored="0" hostname="IN1LT1496" failures="0" tests="4" name="Default test" time="0.067" errors="0" timestamp="10 Feb 2021 06:08:10 GMT">
  <testcase classname="Com.Jenkins.Samples" name="tc1" time="0.013"/>
  <testcase classname="Com.Jenkins.Samples" name="tc2" time="0.002"/>
  <testcase classname="Com.Jenkins.Samples" name="tc3" time="0.001"/>
  <testcase classname="Com.Jenkins.Samples" name="tc4" time="0.002"/>
</testsuite> <!-- Default test -->
