<?xml version="1.0" encoding="UTF-8"?>
<testng-results ignored="0" total="4" passed="4" failed="0" skipped="0">
  <reporter-output>
  </reporter-output>
  <suite started-at="2021-02-10T06:09:09Z" name="Suite" finished-at="2021-02-10T06:09:09Z" duration-ms="58">
    <groups>
    </groups>
    <test started-at="2021-02-10T06:09:09Z" name="Test" finished-at="2021-02-10T06:09:09Z" duration-ms="58">
      <class name="Com.Jenkins.Samples">
        <test-method is-config="true" signature="TestSarted()[pri:0, instance:Com.Jenkins.Samples@1e81f160]" started-at="2021-02-10T11:39:09Z" name="TestSarted" finished-at="2021-02-10T11:39:09Z" duration-ms="18" status="PASS">
          <reporter-output>
          </reporter-output>
        </test-method> <!-- TestSarted -->
        <test-method is-config="true" signature="BrowserOpen()[pri:0, instance:Com.Jenkins.Samples@1e81f160]" started-at="2021-02-10T11:39:09Z" name="BrowserOpen" finished-at="2021-02-10T11:39:09Z" duration-ms="0" status="PASS">
          <reporter-output>
          </reporter-output>
        </test-method> <!-- BrowserOpen -->
        <test-method is-config="true" signature="MaxWin()[pri:0, instance:Com.Jenkins.Samples@1e81f160]" started-at="2021-02-10T11:39:09Z" name="MaxWin" finished-at="2021-02-10T11:39:09Z" duration-ms="0" status="PASS">
          <reporter-output>
          </reporter-output>
        </test-method> <!-- MaxWin -->
        <test-method signature="tc1()[pri:0, instance:Com.Jenkins.Samples@1e81f160]" started-at="2021-02-10T11:39:09Z" name="tc1" finished-at="2021-02-10T11:39:09Z" duration-ms="10" status="PASS">
          <reporter-output>
          </reporter-output>
        </test-method> <!-- tc1 -->
        <test-method signature="tc2()[pri:0, instance:Com.Jenkins.Samples@1e81f160]" started-at="2021-02-10T11:39:09Z" name="tc2" finished-at="2021-02-10T11:39:09Z" duration-ms="2" status="PASS">
          <reporter-output>
          </reporter-output>
        </test-method> <!-- tc2 -->
        <test-method signature="tc3()[pri:0, instance:Com.Jenkins.Samples@1e81f160]" started-at="2021-02-10T11:39:09Z" name="tc3" finished-at="2021-02-10T11:39:09Z" duration-ms="3" status="PASS">
          <reporter-output>
          </reporter-output>
        </test-method> <!-- tc3 -->
        <test-method signature="tc4()[pri:0, instance:Com.Jenkins.Samples@1e81f160]" started-at="2021-02-10T11:39:09Z" name="tc4" finished-at="2021-02-10T11:39:09Z" duration-ms="2" status="PASS">
          <reporter-output>
          </reporter-output>
        </test-method> <!-- tc4 -->
        <test-method is-config="true" signature="minwin()[pri:0, instance:Com.Jenkins.Samples@1e81f160]" started-at="2021-02-10T11:39:09Z" name="minwin" finished-at="2021-02-10T11:39:09Z" duration-ms="0" status="PASS">
          <reporter-output>
          </reporter-output>
        </test-method> <!-- minwin -->
        <test-method is-config="true" signature="BrowserClose()[pri:0, instance:Com.Jenkins.Samples@1e81f160]" started-at="2021-02-10T11:39:09Z" name="BrowserClose" finished-at="2021-02-10T11:39:09Z" duration-ms="1" status="PASS">
          <reporter-output>
          </reporter-output>
        </test-method> <!-- BrowserClose -->
        <test-method is-config="true" signature="TestEnded()[pri:0, instance:Com.Jenkins.Samples@1e81f160]" started-at="2021-02-10T11:39:09Z" name="TestEnded" finished-at="2021-02-10T11:39:09Z" duration-ms="0" status="PASS">
          <reporter-output>
          </reporter-output>
        </test-method> <!-- TestEnded -->
      </class> <!-- Com.Jenkins.Samples -->
    </test> <!-- Test -->
  </suite> <!-- Suite -->
</testng-results>
